Using pre-set license
Built from '2020.3/release' branch; Version is '2020.3.7f1 (dd97f2c94397) revision 14522354'; Using compiler version '192528614'; Build Type 'Release'
OS: 'Windows 10 Home; OS build 19041.1052; Version 2004; 64bit' Language: 'en' Physical Memory: 16325 MB
BatchMode: 1, IsHumanControllingUs: 0, StartBugReporterOnCrash: 0, Is64bit: 1, IsPro: 0

 COMMAND LINE ARGUMENTS:
C:\Program Files\Unity\Hub\Editor\2020.3.7f1\Editor\Unity.exe
-adb2
-batchMode
-noUpm
-name
AssetImportWorker0
-projectPath
C:/Users/jebat/OneDrive/Desktop/Truck/Truck/Truck Game
-logFile
Logs/AssetImportWorker0.log
-srvPort
63053
Successfully changed project path to: C:/Users/jebat/OneDrive/Desktop/Truck/Truck/Truck Game
C:/Users/jebat/OneDrive/Desktop/Truck/Truck/Truck Game
Using Asset Import Pipeline V2.
Refreshing native plugins compatible for Editor in 21.08 ms, found 5 plugins.
Preloading 1 native plugins for Editor in 0.68 ms.
Initialize engine version: 2020.3.7f1 (dd97f2c94397)
[Subsystems] Discovering subsystems at path C:/Program Files/Unity/Hub/Editor/2020.3.7f1/Editor/Data/Resources/UnitySubsystems
[Subsystems] Discovering subsystems at path C:/Users/jebat/OneDrive/Desktop/Truck/Truck/Truck Game/Assets
GfxDevice: creating device client; threaded=0
Direct3D:
    Version:  Direct3D 11.0 [level 11.1]
    Renderer: NVIDIA GeForce RTX 2070 (ID=0x1f07)
    Vendor:   
    VRAM:     8031 MB
    Driver:   27.21.14.6647
Initialize mono
Mono path[0] = 'C:/Program Files/Unity/Hub/Editor/2020.3.7f1/Editor/Data/Managed'
Mono path[1] = 'C:/Program Files/Unity/Hub/Editor/2020.3.7f1/Editor/Data/MonoBleedingEdge/lib/mono/unityjit'
Mono config path = 'C:/Program Files/Unity/Hub/Editor/2020.3.7f1/Editor/Data/MonoBleedingEdge/etc'
Using monoOptions --debugger-agent=transport=dt_socket,embedding=1,server=y,suspend=n,address=127.0.0.1:56060
Begin MonoManager ReloadAssembly
Registering precompiled unity dll's ...
Register platform support module: C:/Program Files/Unity/Hub/Editor/2020.3.7f1/Editor/Data/PlaybackEngines/WindowsStandaloneSupport/UnityEditor.WindowsStandalone.Extensions.dll
Registered in 0.001864 seconds.
Native extension for WindowsStandalone target not found
Refreshing native plugins compatible for Editor in 19.07 ms, found 5 plugins.
Preloading 1 native plugins for Editor in 0.06 ms.
Mono: successfully reloaded assembly
- Completed reload, in  0.959 seconds
Platform modules already initialized, skipping
Registering precompiled user dll's ...
Registered in 0.001295 seconds.
Begin MonoManager ReloadAssembly
Native extension for WindowsStandalone target not found
Refreshing native plugins compatible for Editor in 0.23 ms, found 5 plugins.
Preloading 1 native plugins for Editor in 0.06 ms.
Mono: successfully reloaded assembly
- Completed reload, in  0.704 seconds
Platform modules already initialized, skipping
========================================================================
Worker process is ready to serve import requests
Launched and connected shader compiler UnityShaderCompiler.exe after 0.04 seconds
Refreshing native plugins compatible for Editor in 0.23 ms, found 5 plugins.
Preloading 1 native plugins for Editor in 0.06 ms.
Unloading 1126 Unused Serialized files (Serialized files now loaded: 0)
System memory in use before: 57.5 MB.
System memory in use after: 57.5 MB.

Unloading 15 unused Assets to reduce memory usage. Loaded Objects now: 1563.
Total: 1.648900 ms (FindLiveObjects: 0.221700 ms CreateObjectMapping: 0.038000 ms MarkObjects: 1.326700 ms  DeleteObjects: 0.061600 ms)

========================================================================
Received Import Request.
  path: Assets/Models/truck.fbx
  artifactKey: Guid(64def754cdba73943b6eee1a597b64ac) Importer(815301076,1909f56bfc062723c751e8b465ee728b)
Start importing Assets/Models/truck.fbx using Guid(64def754cdba73943b6eee1a597b64ac) Importer(815301076,1909f56bfc062723c751e8b465ee728b)  -> (artifact id: '944a02a22045d25b947c73930c93f26e') in 0.194853 seconds
  Import took 0.196505 seconds .

========================================================================
Received Import Request.
  Time since last request: 112.583266 seconds.
  path: Assets/Models/truck.fbx
  artifactKey: Guid(64def754cdba73943b6eee1a597b64ac) Importer(815301076,1909f56bfc062723c751e8b465ee728b)
Start importing Assets/Models/truck.fbx using Guid(64def754cdba73943b6eee1a597b64ac) Importer(815301076,1909f56bfc062723c751e8b465ee728b)  -> (artifact id: '45229aba7556fef4a8d2e1bd7cc92e39') in 0.071480 seconds
  Import took 0.073433 seconds .

========================================================================
Received Import Request.
  Time since last request: 213.278371 seconds.
  path: Assets/Models/truck.fbx
  artifactKey: Guid(64def754cdba73943b6eee1a597b64ac) Importer(815301076,1909f56bfc062723c751e8b465ee728b)
Start importing Assets/Models/truck.fbx using Guid(64def754cdba73943b6eee1a597b64ac) Importer(815301076,1909f56bfc062723c751e8b465ee728b)  -> (artifact id: 'c95e20c51524083cc59b92e619ce2294') in 0.040285 seconds
  Import took 0.042338 seconds .

========================================================================
Received Prepare
Registering precompiled user dll's ...
Registered in 0.001261 seconds.
Begin MonoManager ReloadAssembly
Native extension for WindowsStandalone target not found
Refreshing native plugins compatible for Editor in 0.23 ms, found 5 plugins.
Preloading 1 native plugins for Editor in 0.06 ms.
Mono: successfully reloaded assembly
- Completed reload, in  0.653 seconds
Platform modules already initialized, skipping
Refreshing native plugins compatible for Editor in 0.31 ms, found 5 plugins.
Preloading 1 native plugins for Editor in 0.11 ms.
Unloading 1121 Unused Serialized files (Serialized files now loaded: 0)
System memory in use before: 60.9 MB.
System memory in use after: 60.9 MB.

Unloading 11 unused Assets to reduce memory usage. Loaded Objects now: 1609.
Total: 1.369900 ms (FindLiveObjects: 0.108100 ms CreateObjectMapping: 0.029200 ms MarkObjects: 1.190100 ms  DeleteObjects: 0.041500 ms)

========================================================================
Received Prepare
Registering precompiled user dll's ...
Registered in 0.001368 seconds.
Begin MonoManager ReloadAssembly
Native extension for WindowsStandalone target not found
Refreshing native plugins compatible for Editor in 0.24 ms, found 5 plugins.
Preloading 1 native plugins for Editor in 0.07 ms.
Mono: successfully reloaded assembly
- Completed reload, in  0.678 seconds
Platform modules already initialized, skipping
Refreshing native plugins compatible for Editor in 0.24 ms, found 5 plugins.
Preloading 1 native plugins for Editor in 0.06 ms.
Unloading 1121 Unused Serialized files (Serialized files now loaded: 0)
System memory in use before: 60.9 MB.
System memory in use after: 61.0 MB.

Unloading 10 unused Assets to reduce memory usage. Loaded Objects now: 1612.
Total: 1.578700 ms (FindLiveObjects: 0.127100 ms CreateObjectMapping: 0.033800 ms MarkObjects: 1.371000 ms  DeleteObjects: 0.045600 ms)

========================================================================
Received Import Request.
  Time since last request: 396.021617 seconds.
  path: Assets
  artifactKey: Guid(00000000000000001000000000000000) Importer(815301076,1909f56bfc062723c751e8b465ee728b)
Start importing Assets using Guid(00000000000000001000000000000000) Importer(815301076,1909f56bfc062723c751e8b465ee728b)  -> (artifact id: '5f6a1853b736837ecfb0820a881449cb') in 0.007606 seconds
  Import took 0.009237 seconds .

========================================================================
Received Import Request.
  Time since last request: 6.812542 seconds.
  path: Assets/Scripts
  artifactKey: Guid(b6d811099fdfdef4fa8d06f982f33333) Importer(815301076,1909f56bfc062723c751e8b465ee728b)
Start importing Assets/Scripts using Guid(b6d811099fdfdef4fa8d06f982f33333) Importer(815301076,1909f56bfc062723c751e8b465ee728b)  -> (artifact id: '2cc1b029ceac5813d0a76cf11e073a52') in 0.006191 seconds
  Import took 0.008122 seconds .

========================================================================
Received Import Request.
  Time since last request: 0.000612 seconds.
  path: Assets/Scripts
  artifactKey: Guid(b6d811099fdfdef4fa8d06f982f33333) Importer(815301076,1909f56bfc062723c751e8b465ee728b)
Start importing Assets/Scripts using Guid(b6d811099fdfdef4fa8d06f982f33333) Importer(815301076,1909f56bfc062723c751e8b465ee728b)  -> (artifact id: '2cc1b029ceac5813d0a76cf11e073a52') in 0.002063 seconds
  Import took 0.003718 seconds .

========================================================================
Received Import Request.
  Time since last request: 7.115843 seconds.
  path: Assets/Scripts/Truck.cs
  artifactKey: Guid(8e95d57156ff74741983f0443e745cba) Importer(815301076,1909f56bfc062723c751e8b465ee728b)
Start importing Assets/Scripts/Truck.cs using Guid(8e95d57156ff74741983f0443e745cba) Importer(815301076,1909f56bfc062723c751e8b465ee728b)  -> (artifact id: '24a667bc847f0b333faa3a4da476d734') in 0.013271 seconds
  Import took 0.014965 seconds .

========================================================================
Received Prepare
Registering precompiled user dll's ...
Registered in 0.001210 seconds.
Begin MonoManager ReloadAssembly
Native extension for WindowsStandalone target not found
Refreshing native plugins compatible for Editor in 0.39 ms, found 5 plugins.
Preloading 1 native plugins for Editor in 0.11 ms.
Mono: successfully reloaded assembly
- Completed reload, in  0.679 seconds
Platform modules already initialized, skipping
Refreshing native plugins compatible for Editor in 0.23 ms, found 5 plugins.
Preloading 1 native plugins for Editor in 0.05 ms.
Unloading 1122 Unused Serialized files (Serialized files now loaded: 0)
System memory in use before: 60.9 MB.
System memory in use after: 61.0 MB.

Unloading 10 unused Assets to reduce memory usage. Loaded Objects now: 1616.
Total: 1.481200 ms (FindLiveObjects: 0.116100 ms CreateObjectMapping: 0.030500 ms MarkObjects: 1.294900 ms  DeleteObjects: 0.039000 ms)

========================================================================
Received Prepare
Registering precompiled user dll's ...
Registered in 0.001344 seconds.
Begin MonoManager ReloadAssembly
Native extension for WindowsStandalone target not found
Refreshing native plugins compatible for Editor in 0.24 ms, found 5 plugins.
Preloading 1 native plugins for Editor in 0.07 ms.
Mono: successfully reloaded assembly
- Completed reload, in  0.709 seconds
Platform modules already initialized, skipping
Refreshing native plugins compatible for Editor in 0.25 ms, found 5 plugins.
Preloading 1 native plugins for Editor in 0.06 ms.
Unloading 1122 Unused Serialized files (Serialized files now loaded: 0)
System memory in use before: 60.9 MB.
System memory in use after: 61.0 MB.

Unloading 10 unused Assets to reduce memory usage. Loaded Objects now: 1619.
Total: 1.634600 ms (FindLiveObjects: 0.183500 ms CreateObjectMapping: 0.037600 ms MarkObjects: 1.368100 ms  DeleteObjects: 0.044100 ms)

========================================================================
Received Prepare
Registering precompiled user dll's ...
Registered in 0.001362 seconds.
Begin MonoManager ReloadAssembly
Native extension for WindowsStandalone target not found
Refreshing native plugins compatible for Editor in 0.25 ms, found 5 plugins.
Preloading 1 native plugins for Editor in 0.07 ms.
Mono: successfully reloaded assembly
- Completed reload, in  0.652 seconds
Platform modules already initialized, skipping
Refreshing native plugins compatible for Editor in 0.24 ms, found 5 plugins.
Preloading 1 native plugins for Editor in 0.06 ms.
Unloading 1122 Unused Serialized files (Serialized files now loaded: 0)
System memory in use before: 60.9 MB.
System memory in use after: 61.0 MB.

Unloading 10 unused Assets to reduce memory usage. Loaded Objects now: 1622.
Total: 1.539400 ms (FindLiveObjects: 0.120300 ms CreateObjectMapping: 0.031800 ms MarkObjects: 1.345800 ms  DeleteObjects: 0.040600 ms)

========================================================================
Received Prepare
Registering precompiled user dll's ...
Registered in 0.001280 seconds.
Begin MonoManager ReloadAssembly
Native extension for WindowsStandalone target not found
Refreshing native plugins compatible for Editor in 0.26 ms, found 5 plugins.
Preloading 1 native plugins for Editor in 0.07 ms.
Mono: successfully reloaded assembly
- Completed reload, in  0.681 seconds
Platform modules already initialized, skipping
Refreshing native plugins compatible for Editor in 0.23 ms, found 5 plugins.
Preloading 1 native plugins for Editor in 0.05 ms.
Unloading 1122 Unused Serialized files (Serialized files now loaded: 0)
System memory in use before: 60.9 MB.
System memory in use after: 61.0 MB.

Unloading 10 unused Assets to reduce memory usage. Loaded Objects now: 1625.
Total: 1.587000 ms (FindLiveObjects: 0.169700 ms CreateObjectMapping: 0.038700 ms MarkObjects: 1.335200 ms  DeleteObjects: 0.042500 ms)

========================================================================
Received Prepare
Registering precompiled user dll's ...
Registered in 0.001270 seconds.
Begin MonoManager ReloadAssembly
Native extension for WindowsStandalone target not found
Refreshing native plugins compatible for Editor in 0.24 ms, found 5 plugins.
Preloading 1 native plugins for Editor in 0.07 ms.
Mono: successfully reloaded assembly
- Completed reload, in  0.721 seconds
Platform modules already initialized, skipping
Refreshing native plugins compatible for Editor in 0.24 ms, found 5 plugins.
Preloading 1 native plugins for Editor in 0.07 ms.
Unloading 1122 Unused Serialized files (Serialized files now loaded: 0)
System memory in use before: 61.0 MB.
System memory in use after: 61.0 MB.

Unloading 10 unused Assets to reduce memory usage. Loaded Objects now: 1628.
Total: 1.661000 ms (FindLiveObjects: 0.177500 ms CreateObjectMapping: 0.051800 ms MarkObjects: 1.386500 ms  DeleteObjects: 0.044200 ms)

========================================================================
Received Prepare
Registering precompiled user dll's ...
Registered in 0.001312 seconds.
Begin MonoManager ReloadAssembly
Native extension for WindowsStandalone target not found
Refreshing native plugins compatible for Editor in 0.25 ms, found 5 plugins.
Preloading 1 native plugins for Editor in 0.06 ms.
Mono: successfully reloaded assembly
- Completed reload, in  0.679 seconds
Platform modules already initialized, skipping
Refreshing native plugins compatible for Editor in 0.23 ms, found 5 plugins.
Preloading 1 native plugins for Editor in 0.06 ms.
Unloading 1122 Unused Serialized files (Serialized files now loaded: 0)
System memory in use before: 61.0 MB.
System memory in use after: 61.0 MB.

Unloading 10 unused Assets to reduce memory usage. Loaded Objects now: 1631.
Total: 1.529300 ms (FindLiveObjects: 0.121900 ms CreateObjectMapping: 0.031800 ms MarkObjects: 1.334300 ms  DeleteObjects: 0.040300 ms)

========================================================================
Received Prepare
Registering precompiled user dll's ...
Registered in 0.001238 seconds.
Begin MonoManager ReloadAssembly
Native extension for WindowsStandalone target not found
Refreshing native plugins compatible for Editor in 0.25 ms, found 5 plugins.
Preloading 1 native plugins for Editor in 0.06 ms.
Mono: successfully reloaded assembly
- Completed reload, in  0.683 seconds
Platform modules already initialized, skipping
Refreshing native plugins compatible for Editor in 0.43 ms, found 5 plugins.
Preloading 1 native plugins for Editor in 0.09 ms.
Unloading 1122 Unused Serialized files (Serialized files now loaded: 0)
System memory in use before: 61.0 MB.
System memory in use after: 61.0 MB.

Unloading 10 unused Assets to reduce memory usage. Loaded Objects now: 1634.
Total: 1.494300 ms (FindLiveObjects: 0.140900 ms CreateObjectMapping: 0.033700 ms MarkObjects: 1.277500 ms  DeleteObjects: 0.040900 ms)

========================================================================
Received Prepare
Registering precompiled user dll's ...
Registered in 0.001264 seconds.
Begin MonoManager ReloadAssembly
Native extension for WindowsStandalone target not found
Refreshing native plugins compatible for Editor in 0.25 ms, found 5 plugins.
Preloading 1 native plugins for Editor in 0.06 ms.
Mono: successfully reloaded assembly
- Completed reload, in  0.651 seconds
Platform modules already initialized, skipping
Refreshing native plugins compatible for Editor in 0.24 ms, found 5 plugins.
Preloading 1 native plugins for Editor in 0.05 ms.
Unloading 1122 Unused Serialized files (Serialized files now loaded: 0)
System memory in use before: 61.0 MB.
System memory in use after: 61.0 MB.

Unloading 10 unused Assets to reduce memory usage. Loaded Objects now: 1637.
Total: 1.536200 ms (FindLiveObjects: 0.129100 ms CreateObjectMapping: 0.032800 ms MarkObjects: 1.329000 ms  DeleteObjects: 0.044400 ms)

========================================================================
Received Prepare
Registering precompiled user dll's ...
Registered in 0.001287 seconds.
Begin MonoManager ReloadAssembly
Native extension for WindowsStandalone target not found
Refreshing native plugins compatible for Editor in 0.24 ms, found 5 plugins.
Preloading 1 native plugins for Editor in 0.07 ms.
Mono: successfully reloaded assembly
- Completed reload, in  0.700 seconds
Platform modules already initialized, skipping
Refreshing native plugins compatible for Editor in 0.27 ms, found 5 plugins.
Preloading 1 native plugins for Editor in 0.06 ms.
Unloading 1122 Unused Serialized files (Serialized files now loaded: 0)
System memory in use before: 61.0 MB.
System memory in use after: 61.0 MB.

Unloading 10 unused Assets to reduce memory usage. Loaded Objects now: 1640.
Total: 1.391700 ms (FindLiveObjects: 0.143000 ms CreateObjectMapping: 0.032100 ms MarkObjects: 1.166100 ms  DeleteObjects: 0.049500 ms)

========================================================================
Received Prepare
Registering precompiled user dll's ...
Registered in 0.001360 seconds.
Begin MonoManager ReloadAssembly
Native extension for WindowsStandalone target not found
Refreshing native plugins compatible for Editor in 0.24 ms, found 5 plugins.
Preloading 1 native plugins for Editor in 0.06 ms.
Mono: successfully reloaded assembly
- Completed reload, in  0.677 seconds
Platform modules already initialized, skipping
Refreshing native plugins compatible for Editor in 0.26 ms, found 5 plugins.
Preloading 1 native plugins for Editor in 0.06 ms.
Unloading 1122 Unused Serialized files (Serialized files now loaded: 0)
System memory in use before: 61.0 MB.
System memory in use after: 61.1 MB.

Unloading 10 unused Assets to reduce memory usage. Loaded Objects now: 1643.
Total: 1.521500 ms (FindLiveObjects: 0.169400 ms CreateObjectMapping: 0.044800 ms MarkObjects: 1.259900 ms  DeleteObjects: 0.045900 ms)

========================================================================
Received Prepare
Registering precompiled user dll's ...
Registered in 0.001404 seconds.
Begin MonoManager ReloadAssembly
Native extension for WindowsStandalone target not found
Refreshing native plugins compatible for Editor in 0.26 ms, found 5 plugins.
Preloading 1 native plugins for Editor in 0.07 ms.
Mono: successfully reloaded assembly
- Completed reload, in  0.763 seconds
Platform modules already initialized, skipping
Refreshing native plugins compatible for Editor in 0.26 ms, found 5 plugins.
Preloading 1 native plugins for Editor in 0.06 ms.
Unloading 1122 Unused Serialized files (Serialized files now loaded: 0)
System memory in use before: 61.0 MB.
System memory in use after: 61.1 MB.

Unloading 10 unused Assets to reduce memory usage. Loaded Objects now: 1646.
Total: 1.402600 ms (FindLiveObjects: 0.115700 ms CreateObjectMapping: 0.030500 ms MarkObjects: 1.215600 ms  DeleteObjects: 0.039800 ms)

========================================================================
Received Prepare
Registering precompiled user dll's ...
Registered in 0.001343 seconds.
Begin MonoManager ReloadAssembly
Native extension for WindowsStandalone target not found
Refreshing native plugins compatible for Editor in 0.30 ms, found 5 plugins.
Preloading 1 native plugins for Editor in 0.10 ms.
Mono: successfully reloaded assembly
- Completed reload, in  0.783 seconds
Platform modules already initialized, skipping
Refreshing native plugins compatible for Editor in 0.27 ms, found 5 plugins.
Preloading 1 native plugins for Editor in 0.06 ms.
Unloading 1122 Unused Serialized files (Serialized files now loaded: 0)
System memory in use before: 61.0 MB.
System memory in use after: 61.1 MB.

Unloading 10 unused Assets to reduce memory usage. Loaded Objects now: 1649.
Total: 2.236900 ms (FindLiveObjects: 0.210300 ms CreateObjectMapping: 0.082600 ms MarkObjects: 1.871500 ms  DeleteObjects: 0.070900 ms)

========================================================================
Received Prepare
Registering precompiled user dll's ...
Registered in 0.001455 seconds.
Begin MonoManager ReloadAssembly
Native extension for WindowsStandalone target not found
Refreshing native plugins compatible for Editor in 0.26 ms, found 5 plugins.
Preloading 1 native plugins for Editor in 0.07 ms.
Mono: successfully reloaded assembly
- Completed reload, in  0.666 seconds
Platform modules already initialized, skipping
Refreshing native plugins compatible for Editor in 0.24 ms, found 5 plugins.
Preloading 1 native plugins for Editor in 0.05 ms.
Unloading 1122 Unused Serialized files (Serialized files now loaded: 0)
System memory in use before: 61.0 MB.
System memory in use after: 61.1 MB.

Unloading 10 unused Assets to reduce memory usage. Loaded Objects now: 1652.
Total: 1.685800 ms (FindLiveObjects: 0.134700 ms CreateObjectMapping: 0.029800 ms MarkObjects: 1.478700 ms  DeleteObjects: 0.041800 ms)

========================================================================
Received Prepare
Registering precompiled user dll's ...
Registered in 0.001348 seconds.
Begin MonoManager ReloadAssembly
Native extension for WindowsStandalone target not found
Refreshing native plugins compatible for Editor in 0.27 ms, found 5 plugins.
Preloading 1 native plugins for Editor in 0.08 ms.
Mono: successfully reloaded assembly
- Completed reload, in  0.780 seconds
Platform modules already initialized, skipping
Refreshing native plugins compatible for Editor in 0.28 ms, found 5 plugins.
Preloading 1 native plugins for Editor in 0.06 ms.
Unloading 1122 Unused Serialized files (Serialized files now loaded: 0)
System memory in use before: 61.0 MB.
System memory in use after: 61.1 MB.

Unloading 10 unused Assets to reduce memory usage. Loaded Objects now: 1655.
Total: 1.584200 ms (FindLiveObjects: 0.221400 ms CreateObjectMapping: 0.064600 ms MarkObjects: 1.252900 ms  DeleteObjects: 0.043800 ms)

AssetImportWorkerClient::OnTransportError - code=2 error=End of file
