Using pre-set license
Built from '2020.3/release' branch; Version is '2020.3.7f1 (dd97f2c94397) revision 14522354'; Using compiler version '192528614'; Build Type 'Release'
OS: 'Windows 10 Home; OS build 19041.985; Version 2004; 64bit' Language: 'en' Physical Memory: 16325 MB
BatchMode: 1, IsHumanControllingUs: 0, StartBugReporterOnCrash: 0, Is64bit: 1, IsPro: 0

 COMMAND LINE ARGUMENTS:
C:\Program Files\Unity\Hub\Editor\2020.3.7f1\Editor\Unity.exe
-adb2
-batchMode
-noUpm
-name
AssetImportWorker0
-projectPath
C:/Users/jebat/OneDrive/Desktop/Truck/Truck/Truck Game
-logFile
Logs/AssetImportWorker0.log
-srvPort
64016
Successfully changed project path to: C:/Users/jebat/OneDrive/Desktop/Truck/Truck/Truck Game
C:/Users/jebat/OneDrive/Desktop/Truck/Truck/Truck Game
Using Asset Import Pipeline V2.
Refreshing native plugins compatible for Editor in 21.01 ms, found 5 plugins.
Preloading 0 native plugins for Editor in 0.00 ms.
Initialize engine version: 2020.3.7f1 (dd97f2c94397)
[Subsystems] Discovering subsystems at path C:/Program Files/Unity/Hub/Editor/2020.3.7f1/Editor/Data/Resources/UnitySubsystems
[Subsystems] Discovering subsystems at path C:/Users/jebat/OneDrive/Desktop/Truck/Truck/Truck Game/Assets
GfxDevice: creating device client; threaded=0
Direct3D:
    Version:  Direct3D 11.0 [level 11.1]
    Renderer: NVIDIA GeForce RTX 2070 (ID=0x1f07)
    Vendor:   
    VRAM:     8031 MB
    Driver:   27.21.14.6647
Initialize mono
Mono path[0] = 'C:/Program Files/Unity/Hub/Editor/2020.3.7f1/Editor/Data/Managed'
Mono path[1] = 'C:/Program Files/Unity/Hub/Editor/2020.3.7f1/Editor/Data/MonoBleedingEdge/lib/mono/unityjit'
Mono config path = 'C:/Program Files/Unity/Hub/Editor/2020.3.7f1/Editor/Data/MonoBleedingEdge/etc'
Using monoOptions --debugger-agent=transport=dt_socket,embedding=1,server=y,suspend=n,address=127.0.0.1:56300
Begin MonoManager ReloadAssembly
Registering precompiled unity dll's ...
Register platform support module: C:/Program Files/Unity/Hub/Editor/2020.3.7f1/Editor/Data/PlaybackEngines/WindowsStandaloneSupport/UnityEditor.WindowsStandalone.Extensions.dll
Registered in 0.001825 seconds.
Native extension for WindowsStandalone target not found
Refreshing native plugins compatible for Editor in 19.01 ms, found 5 plugins.
Preloading 0 native plugins for Editor in 0.00 ms.
Mono: successfully reloaded assembly
- Completed reload, in  0.930 seconds
Platform modules already initialized, skipping
Registering precompiled user dll's ...
Registered in 0.001347 seconds.
Begin MonoManager ReloadAssembly
Native extension for WindowsStandalone target not found
Refreshing native plugins compatible for Editor in 0.24 ms, found 5 plugins.
Preloading 0 native plugins for Editor in 0.00 ms.
Mono: successfully reloaded assembly
- Completed reload, in  0.698 seconds
Platform modules already initialized, skipping
========================================================================
Worker process is ready to serve import requests
Launched and connected shader compiler UnityShaderCompiler.exe after 0.04 seconds
Refreshing native plugins compatible for Editor in 0.35 ms, found 5 plugins.
Preloading 0 native plugins for Editor in 0.00 ms.
Unloading 1126 Unused Serialized files (Serialized files now loaded: 0)
System memory in use before: 57.5 MB.
System memory in use after: 57.5 MB.

Unloading 15 unused Assets to reduce memory usage. Loaded Objects now: 1563.
Total: 2.051100 ms (FindLiveObjects: 0.154800 ms CreateObjectMapping: 0.035700 ms MarkObjects: 1.794300 ms  DeleteObjects: 0.064900 ms)

========================================================================
Received Import Request.
  path: Assets/Logitech SDK
  artifactKey: Guid(1a801b92405efa5499052bcf352fde5a) Importer(815301076,1909f56bfc062723c751e8b465ee728b)
Start importing Assets/Logitech SDK using Guid(1a801b92405efa5499052bcf352fde5a) Importer(815301076,1909f56bfc062723c751e8b465ee728b)  -> (artifact id: '9cff1fde528b071c1980837f38ca3ab0') in 0.008652 seconds
  Import took 0.010234 seconds .

========================================================================
Received Import Request.
  Time since last request: 0.701395 seconds.
  path: Assets/Logitech SDK/UnityIntegrationInstructions.pdf
  artifactKey: Guid(520f062d944920749b7e87ec9aaf0ef8) Importer(815301076,1909f56bfc062723c751e8b465ee728b)
Start importing Assets/Logitech SDK/UnityIntegrationInstructions.pdf using Guid(520f062d944920749b7e87ec9aaf0ef8) Importer(815301076,1909f56bfc062723c751e8b465ee728b)  -> (artifact id: '8e57b407153578834f3261e94359c017') in 0.039066 seconds
  Import took 0.040761 seconds .

========================================================================
Received Import Request.
  Time since last request: 8.594942 seconds.
  path: Assets/Logitech SDK/LogitechSteeringWheelEnginesWrapper.pdb
  artifactKey: Guid(1bdc8b908d544014fbbf505e55b07d20) Importer(815301076,1909f56bfc062723c751e8b465ee728b)
Start importing Assets/Logitech SDK/LogitechSteeringWheelEnginesWrapper.pdb using Guid(1bdc8b908d544014fbbf505e55b07d20) Importer(815301076,1909f56bfc062723c751e8b465ee728b)  -> (artifact id: '888f499b31d78ef013a4f1d195fb45df') in 0.008793 seconds
  Import took 0.010425 seconds .

========================================================================
Received Import Request.
  Time since last request: 1.832315 seconds.
  path: Assets/Logitech SDK/LogitechSteeringWheelEnginesWrapper.dll
  artifactKey: Guid(c48fda45db839e545ba09d586a89b0c7) Importer(815301076,1909f56bfc062723c751e8b465ee728b)
Start importing Assets/Logitech SDK/LogitechSteeringWheelEnginesWrapper.dll using Guid(c48fda45db839e545ba09d586a89b0c7) Importer(815301076,1909f56bfc062723c751e8b465ee728b)  -> (artifact id: 'eeb5a4acaf9b1acf1d4622c61599bf57') in 0.005150 seconds
  Import took 0.006711 seconds .

========================================================================
Received Import Request.
  Time since last request: 0.012956 seconds.
  path: Assets/Logitech SDK/LogitechSteeringWheelEnginesWrapper.dll
  artifactKey: Guid(c48fda45db839e545ba09d586a89b0c7) Importer(815301076,1909f56bfc062723c751e8b465ee728b)
Start importing Assets/Logitech SDK/LogitechSteeringWheelEnginesWrapper.dll using Guid(c48fda45db839e545ba09d586a89b0c7) Importer(815301076,1909f56bfc062723c751e8b465ee728b)  -> (artifact id: 'eeb5a4acaf9b1acf1d4622c61599bf57') in 0.002081 seconds
  Import took 0.003608 seconds .

========================================================================
Received Import Request.
  Time since last request: 11.138463 seconds.
  path: Assets/Logitech SDK/LogitechSteeringWheel.pdb
  artifactKey: Guid(09c4a635e2dbe7f4e8a9baaf370fdf2e) Importer(815301076,1909f56bfc062723c751e8b465ee728b)
Start importing Assets/Logitech SDK/LogitechSteeringWheel.pdb using Guid(09c4a635e2dbe7f4e8a9baaf370fdf2e) Importer(815301076,1909f56bfc062723c751e8b465ee728b)  -> (artifact id: '5b8cd31ed326b5be8a569892d4d8fb00') in 0.006184 seconds
  Import took 0.007941 seconds .

========================================================================
Received Import Request.
  Time since last request: 0.856314 seconds.
  path: Assets/Logitech SDK/LogitechSteeringWheel.lib
  artifactKey: Guid(dedf8fc214d3c0b429776834f028f3af) Importer(815301076,1909f56bfc062723c751e8b465ee728b)
Start importing Assets/Logitech SDK/LogitechSteeringWheel.lib using Guid(dedf8fc214d3c0b429776834f028f3af) Importer(815301076,1909f56bfc062723c751e8b465ee728b)  -> (artifact id: 'f352377c6b4e1a5e0becd36abc94ca45') in 0.004887 seconds
  Import took 0.006443 seconds .

========================================================================
Received Import Request.
  Time since last request: 0.999432 seconds.
  path: Assets/Logitech SDK/LogitechLedEnginesWrapper.dll
  artifactKey: Guid(7e5da1a557a0f2046a56fa31ab98b038) Importer(815301076,1909f56bfc062723c751e8b465ee728b)
Start importing Assets/Logitech SDK/LogitechLedEnginesWrapper.dll using Guid(7e5da1a557a0f2046a56fa31ab98b038) Importer(815301076,1909f56bfc062723c751e8b465ee728b)  -> (artifact id: '7eee5d353a8f0438b07ab47a97476926') in 0.005881 seconds
  Import took 0.007528 seconds .

========================================================================
Received Import Request.
  Time since last request: 2.378098 seconds.
  path: Assets/Logitech SDK/LogitechLcdEnginesWrapper.dll
  artifactKey: Guid(0132aa3b7e87c9547a72192273bc6099) Importer(815301076,1909f56bfc062723c751e8b465ee728b)
Start importing Assets/Logitech SDK/LogitechLcdEnginesWrapper.dll using Guid(0132aa3b7e87c9547a72192273bc6099) Importer(815301076,1909f56bfc062723c751e8b465ee728b)  -> (artifact id: '59dcef8fd781a34c1a2b6589ac67916f') in 0.005824 seconds
  Import took 0.007547 seconds .

========================================================================
Received Import Request.
  Time since last request: 3.705662 seconds.
  path: Assets/Logitech SDK/LogitechGSDK.cs
  artifactKey: Guid(3e30873afa828ec479873c6c2d92f56b) Importer(815301076,1909f56bfc062723c751e8b465ee728b)
Start importing Assets/Logitech SDK/LogitechGSDK.cs using Guid(3e30873afa828ec479873c6c2d92f56b) Importer(815301076,1909f56bfc062723c751e8b465ee728b)  -> (artifact id: 'c55f2bca5e9c823b731f859cdcebeeb0') in 0.011292 seconds
  Import took 0.013203 seconds .

========================================================================
Received Import Request.
  Time since last request: 11.324832 seconds.
  path: Assets/Logitech SDK/LogitechGkeyEnginesWrapper.dll
  artifactKey: Guid(e4d2e75c2bbdfe04cb3fe59fda612557) Importer(815301076,1909f56bfc062723c751e8b465ee728b)
Start importing Assets/Logitech SDK/LogitechGkeyEnginesWrapper.dll using Guid(e4d2e75c2bbdfe04cb3fe59fda612557) Importer(815301076,1909f56bfc062723c751e8b465ee728b)  -> (artifact id: '207c55ca946ebec5b3bc8df04b3ae185') in 0.005998 seconds
  Import took 0.007545 seconds .

========================================================================
Received Import Request.
  Time since last request: 1.498250 seconds.
  path: Assets/Logitech SDK/LogitechGArxControlEnginesWrapper.dll
  artifactKey: Guid(4ac83656ab02b454c8315ec439632579) Importer(815301076,1909f56bfc062723c751e8b465ee728b)
Start importing Assets/Logitech SDK/LogitechGArxControlEnginesWrapper.dll using Guid(4ac83656ab02b454c8315ec439632579) Importer(815301076,1909f56bfc062723c751e8b465ee728b)  -> (artifact id: 'd899febb06fff7be998e438e821b603d') in 0.005766 seconds
  Import took 0.007339 seconds .

========================================================================
Received Import Request.
  Time since last request: 6.716789 seconds.
  path: Assets/Logitech SDK/SDK Documentation
  artifactKey: Guid(ad83c1a998fc404478f9c84987ae21cb) Importer(815301076,1909f56bfc062723c751e8b465ee728b)
Start importing Assets/Logitech SDK/SDK Documentation using Guid(ad83c1a998fc404478f9c84987ae21cb) Importer(815301076,1909f56bfc062723c751e8b465ee728b)  -> (artifact id: '2ab2d9dd00b3c15c1f31ec1c40e80a96') in 0.006767 seconds
  Import took 0.008364 seconds .

========================================================================
Received Import Request.
  Time since last request: 1.611930 seconds.
  path: Assets/Logitech SDK/SDK Documentation/AppletDevelopmentGuide.pdf
  artifactKey: Guid(f593cac862e0e194b86004889514bbf0) Importer(815301076,1909f56bfc062723c751e8b465ee728b)
Start importing Assets/Logitech SDK/SDK Documentation/AppletDevelopmentGuide.pdf using Guid(f593cac862e0e194b86004889514bbf0) Importer(815301076,1909f56bfc062723c751e8b465ee728b)  -> (artifact id: '128662d5a26cfd21c414352e4199bd90') in 0.006482 seconds
  Import took 0.008068 seconds .

========================================================================
Received Import Request.
  Time since last request: 0.935472 seconds.
  path: Assets/Logitech SDK/SDK Documentation/LogitechGamingGkeySDK.pdf
  artifactKey: Guid(f424f00ef06514142801510319c86a01) Importer(815301076,1909f56bfc062723c751e8b465ee728b)
Start importing Assets/Logitech SDK/SDK Documentation/LogitechGamingGkeySDK.pdf using Guid(f424f00ef06514142801510319c86a01) Importer(815301076,1909f56bfc062723c751e8b465ee728b)  -> (artifact id: 'f67aa87242c69071110d0c8df93e241c') in 0.008564 seconds
  Import took 0.010374 seconds .

========================================================================
Received Import Request.
  Time since last request: 0.815365 seconds.
  path: Assets/Logitech SDK/SDK Documentation/LogitechGamingLCDSDK.pdf
  artifactKey: Guid(6c52550c3bc44ea4b829e1a2ef102ee6) Importer(815301076,1909f56bfc062723c751e8b465ee728b)
Start importing Assets/Logitech SDK/SDK Documentation/LogitechGamingLCDSDK.pdf using Guid(6c52550c3bc44ea4b829e1a2ef102ee6) Importer(815301076,1909f56bfc062723c751e8b465ee728b)  -> (artifact id: '423bb228b11fbd7cbfd9b0f107481bfb') in 0.006667 seconds
  Import took 0.008404 seconds .

========================================================================
Received Import Request.
  Time since last request: 1.009753 seconds.
  path: Assets/Logitech SDK/SDK Documentation/LogitechGamingLEDSDK.pdf
  artifactKey: Guid(7928c64129ccd9e4781ed5e30231c1d5) Importer(815301076,1909f56bfc062723c751e8b465ee728b)
Start importing Assets/Logitech SDK/SDK Documentation/LogitechGamingLEDSDK.pdf using Guid(7928c64129ccd9e4781ed5e30231c1d5) Importer(815301076,1909f56bfc062723c751e8b465ee728b)  -> (artifact id: '56d33edeadfcc4a9e88024ad06299ea6') in 0.008341 seconds
  Import took 0.010777 seconds .

========================================================================
Received Import Request.
  Time since last request: 0.632816 seconds.
  path: Assets/Logitech SDK/SDK Documentation/LogitechGamingSteeringWheelSDK.pdf
  artifactKey: Guid(1edd50cba7a0cd945bcb0b99a3933835) Importer(815301076,1909f56bfc062723c751e8b465ee728b)
Start importing Assets/Logitech SDK/SDK Documentation/LogitechGamingSteeringWheelSDK.pdf using Guid(1edd50cba7a0cd945bcb0b99a3933835) Importer(815301076,1909f56bfc062723c751e8b465ee728b)  -> (artifact id: '8cbbecb725f30148c7d8be85c6855105') in 0.007453 seconds
  Import took 0.009415 seconds .

========================================================================
Received Import Request.
  Time since last request: 0.402541 seconds.
  path: Assets/Logitech SDK/SDK Documentation/LogitechGArxControl.pdf
  artifactKey: Guid(9dd0f7c35af2d484bad7050d4690d966) Importer(815301076,1909f56bfc062723c751e8b465ee728b)
Start importing Assets/Logitech SDK/SDK Documentation/LogitechGArxControl.pdf using Guid(9dd0f7c35af2d484bad7050d4690d966) Importer(815301076,1909f56bfc062723c751e8b465ee728b)  -> (artifact id: '11380481ee0dc48c9c36215786efbd83') in 0.007487 seconds
  Import took 0.009332 seconds .

========================================================================
Received Import Request.
  Time since last request: 126.919424 seconds.
  path: Assets/Logitech SDK/Script Sample
  artifactKey: Guid(84dd1a2b8e54e3b4599361e71d1dab5f) Importer(815301076,1909f56bfc062723c751e8b465ee728b)
Start importing Assets/Logitech SDK/Script Sample using Guid(84dd1a2b8e54e3b4599361e71d1dab5f) Importer(815301076,1909f56bfc062723c751e8b465ee728b)  -> (artifact id: '4ca083c77c842deb96ab411920926c4b') in 0.007728 seconds
  Import took 0.009834 seconds .

========================================================================
Received Import Request.
  Time since last request: 0.645512 seconds.
  path: Assets/Logitech SDK/AppletData
  artifactKey: Guid(b86ff16f5e7846146b802856fe97e88d) Importer(815301076,1909f56bfc062723c751e8b465ee728b)
Start importing Assets/Logitech SDK/AppletData using Guid(b86ff16f5e7846146b802856fe97e88d) Importer(815301076,1909f56bfc062723c751e8b465ee728b)  -> (artifact id: '30f92fa69d896be4cd93e47b1a126460') in 0.006348 seconds
  Import took 0.008034 seconds .

========================================================================
Received Import Request.
  Time since last request: 2.861498 seconds.
  path: Assets/Logitech SDK/Script Sample/LogitechArxControl.cs
  artifactKey: Guid(043e10b0b3b0093418f982dfadf65eb5) Importer(815301076,1909f56bfc062723c751e8b465ee728b)
Start importing Assets/Logitech SDK/Script Sample/LogitechArxControl.cs using Guid(043e10b0b3b0093418f982dfadf65eb5) Importer(815301076,1909f56bfc062723c751e8b465ee728b)  -> (artifact id: '4f983b0dbfabb9319d27509be5119e92') in 0.006141 seconds
  Import took 0.007803 seconds .

========================================================================
Received Import Request.
  Time since last request: 0.420181 seconds.
  path: Assets/Logitech SDK/Script Sample/LogitechGKey.cs
  artifactKey: Guid(0534c1a23d5b0064f82cb96f3c447f1c) Importer(815301076,1909f56bfc062723c751e8b465ee728b)
Start importing Assets/Logitech SDK/Script Sample/LogitechGKey.cs using Guid(0534c1a23d5b0064f82cb96f3c447f1c) Importer(815301076,1909f56bfc062723c751e8b465ee728b)  -> (artifact id: '194eef8b77cf48b2f4f084b8c83c982a') in 0.006574 seconds
  Import took 0.008269 seconds .

========================================================================
Received Import Request.
  Time since last request: 0.414233 seconds.
  path: Assets/Logitech SDK/Script Sample/LogitechLed.cs
  artifactKey: Guid(3f84b148a2dad454bac85fb4289feca4) Importer(815301076,1909f56bfc062723c751e8b465ee728b)
Start importing Assets/Logitech SDK/Script Sample/LogitechLed.cs using Guid(3f84b148a2dad454bac85fb4289feca4) Importer(815301076,1909f56bfc062723c751e8b465ee728b)  -> (artifact id: '2d2935c45e85a45d32a65cdcba83e6fa') in 0.006664 seconds
  Import took 0.008394 seconds .

========================================================================
Received Import Request.
  Time since last request: 0.483443 seconds.
  path: Assets/Logitech SDK/Script Sample/LogitechSteeringWheel.cs
  artifactKey: Guid(3047a8618a80261439a21993d26653a8) Importer(815301076,1909f56bfc062723c751e8b465ee728b)
Start importing Assets/Logitech SDK/Script Sample/LogitechSteeringWheel.cs using Guid(3047a8618a80261439a21993d26653a8) Importer(815301076,1909f56bfc062723c751e8b465ee728b)  -> (artifact id: '669eaac513f199c92b9a4a268ae1115c') in 0.002475 seconds
  Import took 0.004181 seconds .

========================================================================
Received Import Request.
  Time since last request: 0.000605 seconds.
  path: Assets/Logitech SDK/Script Sample/LogitechSteeringWheel.cs
  artifactKey: Guid(3047a8618a80261439a21993d26653a8) Importer(815301076,1909f56bfc062723c751e8b465ee728b)
Start importing Assets/Logitech SDK/Script Sample/LogitechSteeringWheel.cs using Guid(3047a8618a80261439a21993d26653a8) Importer(815301076,1909f56bfc062723c751e8b465ee728b)  -> (artifact id: '669eaac513f199c92b9a4a268ae1115c') in 0.002132 seconds
  Import took 0.003702 seconds .

========================================================================
Received Prepare
Registering precompiled user dll's ...
Registered in 0.002131 seconds.
Begin MonoManager ReloadAssembly
Native extension for WindowsStandalone target not found
Refreshing native plugins compatible for Editor in 0.25 ms, found 5 plugins.
Preloading 0 native plugins for Editor in 0.00 ms.
Mono: successfully reloaded assembly
- Completed reload, in  0.668 seconds
Platform modules already initialized, skipping
Refreshing native plugins compatible for Editor in 0.28 ms, found 5 plugins.
Preloading 0 native plugins for Editor in 0.00 ms.
Unloading 1121 Unused Serialized files (Serialized files now loaded: 0)
System memory in use before: 57.5 MB.
System memory in use after: 57.5 MB.

Unloading 10 unused Assets to reduce memory usage. Loaded Objects now: 1566.
Total: 1.753200 ms (FindLiveObjects: 0.308300 ms CreateObjectMapping: 0.042300 ms MarkObjects: 1.353400 ms  DeleteObjects: 0.047900 ms)

========================================================================
Received Prepare
Registering precompiled user dll's ...
Registered in 0.001333 seconds.
Begin MonoManager ReloadAssembly
Native extension for WindowsStandalone target not found
Refreshing native plugins compatible for Editor in 0.26 ms, found 5 plugins.
Preloading 0 native plugins for Editor in 0.00 ms.
Mono: successfully reloaded assembly
- Completed reload, in  0.672 seconds
Platform modules already initialized, skipping
Refreshing native plugins compatible for Editor in 0.24 ms, found 5 plugins.
Preloading 0 native plugins for Editor in 0.00 ms.
Unloading 1121 Unused Serialized files (Serialized files now loaded: 0)
System memory in use before: 57.5 MB.
System memory in use after: 57.6 MB.

Unloading 10 unused Assets to reduce memory usage. Loaded Objects now: 1569.
Total: 1.523500 ms (FindLiveObjects: 0.123900 ms CreateObjectMapping: 0.033500 ms MarkObjects: 1.311100 ms  DeleteObjects: 0.053300 ms)

========================================================================
Received Prepare
Registering precompiled user dll's ...
Registered in 0.001273 seconds.
Begin MonoManager ReloadAssembly
Native extension for WindowsStandalone target not found
Refreshing native plugins compatible for Editor in 0.27 ms, found 5 plugins.
Preloading 0 native plugins for Editor in 0.00 ms.
Mono: successfully reloaded assembly
- Completed reload, in  0.702 seconds
Platform modules already initialized, skipping
Refreshing native plugins compatible for Editor in 0.23 ms, found 5 plugins.
Preloading 0 native plugins for Editor in 0.00 ms.
Unloading 1121 Unused Serialized files (Serialized files now loaded: 0)
System memory in use before: 57.5 MB.
System memory in use after: 57.6 MB.

Unloading 10 unused Assets to reduce memory usage. Loaded Objects now: 1572.
Total: 1.562000 ms (FindLiveObjects: 0.170300 ms CreateObjectMapping: 0.032700 ms MarkObjects: 1.316500 ms  DeleteObjects: 0.041300 ms)

========================================================================
Received Import Request.
  Time since last request: 812.819459 seconds.
  path: Assets/Logitech SDK/LogitechSteeringWheelEnginesWrapper.dll
  artifactKey: Guid(c48fda45db839e545ba09d586a89b0c7) Importer(815301076,1909f56bfc062723c751e8b465ee728b)
Start importing Assets/Logitech SDK/LogitechSteeringWheelEnginesWrapper.dll using Guid(c48fda45db839e545ba09d586a89b0c7) Importer(815301076,1909f56bfc062723c751e8b465ee728b)  -> (artifact id: 'f1a09ff7d283d961c19f8cd785a4ccba') in 0.005089 seconds
  Import took 0.007007 seconds .

========================================================================
Received Import Request.
  Time since last request: 0.005615 seconds.
  path: Assets/Logitech SDK/LogitechSteeringWheelEnginesWrapper.dll
  artifactKey: Guid(c48fda45db839e545ba09d586a89b0c7) Importer(815301076,1909f56bfc062723c751e8b465ee728b)
Start importing Assets/Logitech SDK/LogitechSteeringWheelEnginesWrapper.dll using Guid(c48fda45db839e545ba09d586a89b0c7) Importer(815301076,1909f56bfc062723c751e8b465ee728b)  -> (artifact id: 'f1a09ff7d283d961c19f8cd785a4ccba') in 0.002400 seconds
  Import took 0.004038 seconds .

========================================================================
Received Prepare
Registering precompiled user dll's ...
Registered in 0.001370 seconds.
Begin MonoManager ReloadAssembly
Native extension for WindowsStandalone target not found
Refreshing native plugins compatible for Editor in 0.24 ms, found 5 plugins.
Preloading 1 native plugins for Editor in 0.86 ms.
Mono: successfully reloaded assembly
- Completed reload, in  0.658 seconds
Platform modules already initialized, skipping
Refreshing native plugins compatible for Editor in 0.24 ms, found 5 plugins.
Preloading 1 native plugins for Editor in 0.05 ms.
Unloading 1121 Unused Serialized files (Serialized files now loaded: 0)
System memory in use before: 57.5 MB.
System memory in use after: 57.6 MB.

Unloading 10 unused Assets to reduce memory usage. Loaded Objects now: 1575.
Total: 1.501300 ms (FindLiveObjects: 0.162800 ms CreateObjectMapping: 0.049500 ms MarkObjects: 1.247500 ms  DeleteObjects: 0.040600 ms)

========================================================================
Received Import Request.
  Time since last request: 9.274622 seconds.
  path: Assets/Logitech SDK/LogitechSteeringWheelEnginesWrapper.dll
  artifactKey: Guid(c48fda45db839e545ba09d586a89b0c7) Importer(815301076,1909f56bfc062723c751e8b465ee728b)
Start importing Assets/Logitech SDK/LogitechSteeringWheelEnginesWrapper.dll using Guid(c48fda45db839e545ba09d586a89b0c7) Importer(815301076,1909f56bfc062723c751e8b465ee728b)  -> (artifact id: '22dd396ec24d05f89006c9301ca86a9d') in 0.003698 seconds
  Import took 0.005206 seconds .

========================================================================
Received Prepare
Registering precompiled user dll's ...
Registered in 0.001383 seconds.
Begin MonoManager ReloadAssembly
Native extension for WindowsStandalone target not found
Refreshing native plugins compatible for Editor in 0.25 ms, found 5 plugins.
Preloading 1 native plugins for Editor in 0.07 ms.
Mono: successfully reloaded assembly
- Completed reload, in  0.710 seconds
Platform modules already initialized, skipping
Refreshing native plugins compatible for Editor in 0.26 ms, found 5 plugins.
Preloading 1 native plugins for Editor in 0.05 ms.
Unloading 1121 Unused Serialized files (Serialized files now loaded: 0)
System memory in use before: 57.5 MB.
System memory in use after: 57.6 MB.

Unloading 10 unused Assets to reduce memory usage. Loaded Objects now: 1578.
Total: 1.287800 ms (FindLiveObjects: 0.129900 ms CreateObjectMapping: 0.029300 ms MarkObjects: 1.091500 ms  DeleteObjects: 0.036500 ms)

========================================================================
Received Import Request.
  Time since last request: 85.700298 seconds.
  path: Assets/Logitech SDK/LogitechSteeringWheelEnginesWrapper.dll
  artifactKey: Guid(c48fda45db839e545ba09d586a89b0c7) Importer(815301076,1909f56bfc062723c751e8b465ee728b)
Start importing Assets/Logitech SDK/LogitechSteeringWheelEnginesWrapper.dll using Guid(c48fda45db839e545ba09d586a89b0c7) Importer(815301076,1909f56bfc062723c751e8b465ee728b)  -> (artifact id: '31a1e575dc54434afa2741f315333f2a') in 0.003829 seconds
  Import took 0.005394 seconds .

========================================================================
Received Import Request.
  Time since last request: 0.108095 seconds.
  path: Assets/Logitech SDK/LogitechSteeringWheelEnginesWrapper.dll
  artifactKey: Guid(c48fda45db839e545ba09d586a89b0c7) Importer(815301076,1909f56bfc062723c751e8b465ee728b)
Start importing Assets/Logitech SDK/LogitechSteeringWheelEnginesWrapper.dll using Guid(c48fda45db839e545ba09d586a89b0c7) Importer(815301076,1909f56bfc062723c751e8b465ee728b)  -> (artifact id: '31a1e575dc54434afa2741f315333f2a') in 0.002299 seconds
  Import took 0.003838 seconds .

========================================================================
Received Prepare
Registering precompiled user dll's ...
Registered in 0.005266 seconds.
Begin MonoManager ReloadAssembly
Native extension for WindowsStandalone target not found
Refreshing native plugins compatible for Editor in 0.26 ms, found 5 plugins.
Preloading 1 native plugins for Editor in 0.07 ms.
Mono: successfully reloaded assembly
- Completed reload, in  0.778 seconds
Platform modules already initialized, skipping
Refreshing native plugins compatible for Editor in 0.23 ms, found 5 plugins.
Preloading 1 native plugins for Editor in 0.06 ms.
Unloading 1121 Unused Serialized files (Serialized files now loaded: 0)
System memory in use before: 57.5 MB.
System memory in use after: 57.6 MB.

Unloading 10 unused Assets to reduce memory usage. Loaded Objects now: 1581.
Total: 1.815500 ms (FindLiveObjects: 0.195300 ms CreateObjectMapping: 0.057200 ms MarkObjects: 1.489500 ms  DeleteObjects: 0.072100 ms)

AssetImportWorkerClient::OnTransportError - code=2 error=End of file
